{"C:\\Users\\tslem\\Desktop\\Laplateforme\\Mastère\\année1\\veille-techno-backend\\src\\common\\filters\\exception.filter.ts": {"path":"C:\\Users\\tslem\\Desktop\\Laplateforme\\Mastère\\année1\\veille-techno-backend\\src\\common\\filters\\exception.filter.ts","statementMap":{"0":{"start":{"line":1,"column":0},"end":{"line":1,"column":null}},"1":{"start":{"line":6,"column":0},"end":{"line":6,"column":51}},"2":{"start":{"line":7,"column":0},"end":{"line":7,"column":43}},"3":{"start":{"line":10,"column":7},"end":{"line":29,"column":null}},"4":{"start":{"line":12,"column":18},"end":{"line":12,"column":39}},"5":{"start":{"line":14,"column":4},"end":{"line":25,"column":5}},"6":{"start":{"line":20,"column":6},"end":{"line":23,"column":8}},"7":{"start":{"line":24,"column":6},"end":{"line":24,"column":13}},"8":{"start":{"line":27,"column":4},"end":{"line":27,"column":33}},"9":{"start":{"line":10,"column":13},"end":{"line":10,"column":35}},"10":{"start":{"line":10,"column":13},"end":{"line":29,"column":null}}},"fnMap":{"0":{"name":"(anonymous_1)","decl":{"start":{"line":11,"column":2},"end":{"line":11,"column":7}},"loc":{"start":{"line":11,"column":56},"end":{"line":28,"column":3}}}},"branchMap":{"0":{"loc":{"start":{"line":14,"column":4},"end":{"line":25,"column":5}},"type":"if","locations":[{"start":{"line":14,"column":4},"end":{"line":25,"column":5}},{"start":{},"end":{}}]},"1":{"loc":{"start":{"line":15,"column":6},"end":{"line":18,"column":59}},"type":"binary-expr","locations":[{"start":{"line":15,"column":6},"end":{"line":15,"column":21}},{"start":{"line":16,"column":6},"end":{"line":16,"column":28}},{"start":{"line":17,"column":6},"end":{"line":17,"column":27}},{"start":{"line":18,"column":6},"end":{"line":18,"column":59}}]}},"s":{"0":3,"1":3,"2":3,"3":3,"4":2,"5":2,"6":1,"7":1,"8":1,"9":3,"10":3},"f":{"0":2},"b":{"0":[1,1],"1":[2,2,1,1]}}
,"C:\\Users\\tslem\\Desktop\\Laplateforme\\Mastère\\année1\\veille-techno-backend\\src\\identity\\auth.controller.ts": {"path":"C:\\Users\\tslem\\Desktop\\Laplateforme\\Mastère\\année1\\veille-techno-backend\\src\\identity\\auth.controller.ts","statementMap":{"0":{"start":{"line":1,"column":0},"end":{"line":1,"column":null}},"1":{"start":{"line":8,"column":0},"end":{"line":8,"column":45}},"2":{"start":{"line":9,"column":0},"end":{"line":9,"column":77}},"3":{"start":{"line":12,"column":7},"end":{"line":20,"column":null}},"4":{"start":{"line":13,"column":31},"end":{"line":13,"column":44}},"5":{"start":{"line":18,"column":4},"end":{"line":18,"column":44}},"6":{"start":{"line":12,"column":13},"end":{"line":12,"column":27}},"7":{"start":{"line":17,"column":2},"end":{"line":19,"column":null}},"8":{"start":{"line":12,"column":13},"end":{"line":20,"column":null}}},"fnMap":{"0":{"name":"(anonymous_4)","decl":{"start":{"line":13,"column":2},"end":{"line":13,"column":31}},"loc":{"start":{"line":13,"column":55},"end":{"line":13,"column":59}}},"1":{"name":"(anonymous_5)","decl":{"start":{"line":17,"column":2},"end":{"line":17,"column":10}},"loc":{"start":{"line":17,"column":68},"end":{"line":19,"column":3}}}},"branchMap":{"0":{"loc":{"start":{"line":13,"column":44},"end":{"line":13,"column":58}},"type":"cond-expr","locations":[{"start":{"line":13,"column":55},"end":{"line":13,"column":58}},{"start":{"line":13,"column":55},"end":{"line":13,"column":58}}]},"1":{"loc":{"start":{"line":13,"column":44},"end":{"line":13,"column":55}},"type":"binary-expr","locations":[{"start":{"line":13,"column":44},"end":{"line":13,"column":58}},{"start":{"line":13,"column":44},"end":{"line":13,"column":55}}]}},"s":{"0":3,"1":3,"2":3,"3":3,"4":4,"5":5,"6":3,"7":3,"8":3},"f":{"0":4,"1":5},"b":{"0":[3,0],"1":[3,3]}}
,"C:\\Users\\tslem\\Desktop\\Laplateforme\\Mastère\\année1\\veille-techno-backend\\src\\identity\\auth.service.ts": {"path":"C:\\Users\\tslem\\Desktop\\Laplateforme\\Mastère\\année1\\veille-techno-backend\\src\\identity\\auth.service.ts","statementMap":{"0":{"start":{"line":1,"column":0},"end":{"line":1,"column":44}},"1":{"start":{"line":2,"column":0},"end":{"line":2,"column":33}},"2":{"start":{"line":4,"column":0},"end":{"line":4,"column":41}},"3":{"start":{"line":5,"column":0},"end":{"line":5,"column":53}},"4":{"start":{"line":8,"column":7},"end":{"line":23,"column":null}},"5":{"start":{"line":9,"column":31},"end":{"line":9,"column":48}},"6":{"start":{"line":12,"column":25},"end":{"line":14,"column":6}},"7":{"start":{"line":16,"column":4},"end":{"line":21,"column":7}},"8":{"start":{"line":8,"column":13},"end":{"line":8,"column":24}},"9":{"start":{"line":8,"column":13},"end":{"line":23,"column":null}}},"fnMap":{"0":{"name":"(anonymous_11)","decl":{"start":{"line":9,"column":2},"end":{"line":9,"column":31}},"loc":{"start":{"line":9,"column":63},"end":{"line":9,"column":67}}},"1":{"name":"(anonymous_12)","decl":{"start":{"line":11,"column":2},"end":{"line":11,"column":7}},"loc":{"start":{"line":11,"column":40},"end":{"line":22,"column":3}}}},"branchMap":{"0":{"loc":{"start":{"line":9,"column":48},"end":{"line":9,"column":66}},"type":"cond-expr","locations":[{"start":{"line":9,"column":63},"end":{"line":9,"column":66}},{"start":{"line":9,"column":63},"end":{"line":9,"column":66}}]},"1":{"loc":{"start":{"line":9,"column":48},"end":{"line":9,"column":63}},"type":"binary-expr","locations":[{"start":{"line":9,"column":48},"end":{"line":9,"column":66}},{"start":{"line":9,"column":48},"end":{"line":9,"column":63}}]}},"s":{"0":4,"1":4,"2":4,"3":4,"4":4,"5":5,"6":7,"7":7,"8":4,"9":4},"f":{"0":5,"1":7},"b":{"0":[4,0],"1":[4,4]}}
,"C:\\Users\\tslem\\Desktop\\Laplateforme\\Mastère\\année1\\veille-techno-backend\\src\\identity\\identity.module.ts": {"path":"C:\\Users\\tslem\\Desktop\\Laplateforme\\Mastère\\année1\\veille-techno-backend\\src\\identity\\identity.module.ts","statementMap":{"0":{"start":{"line":1,"column":0},"end":{"line":1,"column":40}},"1":{"start":{"line":2,"column":0},"end":{"line":2,"column":48}},"2":{"start":{"line":3,"column":0},"end":{"line":3,"column":51}},"3":{"start":{"line":4,"column":0},"end":{"line":4,"column":45}},"4":{"start":{"line":5,"column":0},"end":{"line":5,"column":37}},"5":{"start":{"line":6,"column":0},"end":{"line":6,"column":53}},"6":{"start":{"line":13,"column":7},"end":{"line":13,"column":null}},"7":{"start":{"line":13,"column":13},"end":{"line":13,"column":27}},"8":{"start":{"line":13,"column":13},"end":{"line":13,"column":null}}},"fnMap":{},"branchMap":{},"s":{"0":2,"1":2,"2":2,"3":2,"4":2,"5":2,"6":2,"7":2,"8":2},"f":{},"b":{}}
,"C:\\Users\\tslem\\Desktop\\Laplateforme\\Mastère\\année1\\veille-techno-backend\\src\\identity\\registerDto.schema.ts": {"path":"C:\\Users\\tslem\\Desktop\\Laplateforme\\Mastère\\année1\\veille-techno-backend\\src\\identity\\registerDto.schema.ts","statementMap":{"0":{"start":{"line":1,"column":0},"end":{"line":1,"column":24}},"1":{"start":{"line":3,"column":13},"end":{"line":20,"column":3}}},"fnMap":{},"branchMap":{},"s":{"0":3,"1":3},"f":{},"b":{}}
,"C:\\Users\\tslem\\Desktop\\Laplateforme\\Mastère\\année1\\veille-techno-backend\\src\\identity\\user.entity.ts": {"path":"C:\\Users\\tslem\\Desktop\\Laplateforme\\Mastère\\année1\\veille-techno-backend\\src\\identity\\user.entity.ts","statementMap":{"0":{"start":{"line":1,"column":0},"end":{"line":1,"column":null}},"1":{"start":{"line":8,"column":0},"end":{"line":8,"column":null}},"2":{"start":{"line":9,"column":2},"end":{"line":9,"column":null}},"3":{"start":{"line":10,"column":2},"end":{"line":10,"column":null}},"4":{"start":{"line":14,"column":7},"end":{"line":33,"column":null}},"5":{"start":{"line":29,"column":19},"end":{"line":29,"column":32}},"6":{"start":{"line":14,"column":13},"end":{"line":14,"column":17}},"7":{"start":{"line":16,"column":2},"end":{"line":16,"column":null}},"8":{"start":{"line":19,"column":2},"end":{"line":19,"column":null}},"9":{"start":{"line":23,"column":2},"end":{"line":23,"column":null}},"10":{"start":{"line":26,"column":2},"end":{"line":26,"column":null}},"11":{"start":{"line":29,"column":2},"end":{"line":29,"column":null}},"12":{"start":{"line":32,"column":2},"end":{"line":32,"column":null}},"13":{"start":{"line":14,"column":13},"end":{"line":33,"column":null}}},"fnMap":{"0":{"name":"(anonymous_2)","decl":{"start":{"line":8,"column":0},"end":{"line":8,"column":12}},"loc":{"start":{"line":8,"column":20},"end":{"line":11,"column":1}}}},"branchMap":{"0":{"loc":{"start":{"line":8,"column":12},"end":{"line":8,"column":null}},"type":"binary-expr","locations":[{"start":{"line":8,"column":12},"end":{"line":8,"column":20}},{"start":{"line":8,"column":20},"end":{"line":8,"column":null}}]},"1":{"loc":{"start":{"line":32,"column":13},"end":{"line":32,"column":18}},"type":"cond-expr","locations":[{"start":{"line":32,"column":17},"end":{"line":32,"column":18}},{"start":{"line":32,"column":17},"end":{"line":32,"column":18}}]},"2":{"loc":{"start":{"line":32,"column":13},"end":{"line":32,"column":17}},"type":"binary-expr","locations":[{"start":{"line":32,"column":13},"end":{"line":32,"column":18}},{"start":{"line":32,"column":13},"end":{"line":32,"column":17}}]}},"s":{"0":5,"1":5,"2":5,"3":5,"4":5,"5":10,"6":5,"7":5,"8":5,"9":5,"10":5,"11":5,"12":5,"13":5},"f":{"0":5},"b":{"0":[5,5],"1":[5,0],"2":[5,5]}}
,"C:\\Users\\tslem\\Desktop\\Laplateforme\\Mastère\\année1\\veille-techno-backend\\src\\identity\\users.repository.ts": {"path":"C:\\Users\\tslem\\Desktop\\Laplateforme\\Mastère\\année1\\veille-techno-backend\\src\\identity\\users.repository.ts","statementMap":{"0":{"start":{"line":1,"column":0},"end":{"line":1,"column":44}},"1":{"start":{"line":2,"column":0},"end":{"line":2,"column":51}},"2":{"start":{"line":3,"column":0},"end":{"line":3,"column":37}},"3":{"start":{"line":4,"column":0},"end":{"line":4,"column":47}},"4":{"start":{"line":7,"column":7},"end":{"line":36,"column":null}},"5":{"start":{"line":10,"column":21},"end":{"line":10,"column":33}},"6":{"start":{"line":19,"column":17},"end":{"line":24,"column":6}},"7":{"start":{"line":26,"column":22},"end":{"line":26,"column":54}},"8":{"start":{"line":28,"column":4},"end":{"line":34,"column":6}},"9":{"start":{"line":7,"column":13},"end":{"line":7,"column":28}},"10":{"start":{"line":7,"column":13},"end":{"line":36,"column":null}}},"fnMap":{"0":{"name":"(anonymous_4)","decl":{"start":{"line":8,"column":2},"end":{"line":8,"column":null}},"loc":{"start":{"line":10,"column":49},"end":{"line":11,"column":6}}},"1":{"name":"(anonymous_5)","decl":{"start":{"line":13,"column":2},"end":{"line":13,"column":7}},"loc":{"start":{"line":17,"column":20},"end":{"line":35,"column":3}}}},"branchMap":{"0":{"loc":{"start":{"line":10,"column":33},"end":{"line":10,"column":49}},"type":"cond-expr","locations":[{"start":{"line":10,"column":43},"end":{"line":10,"column":49}},{"start":{"line":10,"column":43},"end":{"line":10,"column":49}}]},"1":{"loc":{"start":{"line":10,"column":33},"end":{"line":10,"column":43}},"type":"binary-expr","locations":[{"start":{"line":10,"column":33},"end":{"line":10,"column":49}},{"start":{"line":10,"column":33},"end":{"line":10,"column":43}}]}},"s":{"0":4,"1":4,"2":4,"3":4,"4":4,"5":3,"6":5,"7":5,"8":4,"9":4,"10":4},"f":{"0":3,"1":5},"b":{"0":[4,0],"1":[4,4]}}
}
