TN:
SF:src\common\filters\exception.filter.ts
FN:11,(anonymous_1)
FNF:1
FNH:1
FNDA:2,(anonymous_1)
DA:1,3
DA:6,3
DA:7,3
DA:10,3
DA:12,2
DA:14,2
DA:20,1
DA:24,1
DA:27,1
LF:9
LH:9
BRDA:14,0,0,1
BRDA:14,0,1,1
BRDA:15,1,0,2
BRDA:15,1,1,2
BRDA:15,1,2,1
BRDA:15,1,3,1
BRF:6
BRH:6
end_of_record
TN:
SF:src\identity\auth.controller.ts
FN:13,(anonymous_4)
FN:17,(anonymous_5)
FNF:2
FNH:2
FNDA:4,(anonymous_4)
FNDA:5,(anonymous_5)
DA:1,3
DA:8,3
DA:9,3
DA:12,3
DA:13,4
DA:17,3
DA:18,5
LF:7
LH:7
BRDA:13,0,0,3
BRDA:13,0,1,0
BRDA:13,1,0,3
BRDA:13,1,1,3
BRF:4
BRH:3
end_of_record
TN:
SF:src\identity\auth.service.ts
FN:9,(anonymous_11)
FN:11,(anonymous_12)
FNF:2
FNH:2
FNDA:5,(anonymous_11)
FNDA:7,(anonymous_12)
DA:1,4
DA:2,4
DA:4,4
DA:5,4
DA:8,4
DA:9,5
DA:12,7
DA:16,7
LF:8
LH:8
BRDA:9,0,0,4
BRDA:9,0,1,0
BRDA:9,1,0,4
BRDA:9,1,1,4
BRF:4
BRH:3
end_of_record
TN:
SF:src\identity\identity.module.ts
FNF:0
FNH:0
DA:1,2
DA:2,2
DA:3,2
DA:4,2
DA:5,2
DA:6,2
DA:13,2
LF:7
LH:7
BRF:0
BRH:0
end_of_record
TN:
SF:src\identity\registerDto.schema.ts
FNF:0
FNH:0
DA:1,3
DA:3,3
LF:2
LH:2
BRF:0
BRH:0
end_of_record
TN:
SF:src\identity\user.entity.ts
FN:8,(anonymous_2)
FNF:1
FNH:1
FNDA:5,(anonymous_2)
DA:1,5
DA:8,5
DA:9,5
DA:10,5
DA:14,5
DA:16,5
DA:19,5
DA:23,5
DA:26,5
DA:29,10
DA:32,5
LF:11
LH:11
BRDA:8,0,0,5
BRDA:8,0,1,5
BRDA:32,1,0,5
BRDA:32,1,1,0
BRDA:32,2,0,5
BRDA:32,2,1,5
BRF:6
BRH:5
end_of_record
TN:
SF:src\identity\users.repository.ts
FN:8,(anonymous_4)
FN:13,(anonymous_5)
FNF:2
FNH:2
FNDA:3,(anonymous_4)
FNDA:5,(anonymous_5)
DA:1,4
DA:2,4
DA:3,4
DA:4,4
DA:7,4
DA:10,3
DA:19,5
DA:26,5
DA:28,4
LF:9
LH:9
BRDA:10,0,0,4
BRDA:10,0,1,0
BRDA:10,1,0,4
BRDA:10,1,1,4
BRF:4
BRH:3
end_of_record
