TN:
SF:src\common\filters\exception.filter.ts
FN:11,(anonymous_1)
FNF:1
FNH:1
FNDA:2,(anonymous_1)
DA:1,3
DA:6,3
DA:7,3
DA:10,3
DA:12,2
DA:14,2
DA:20,1
DA:24,1
DA:27,1
LF:9
LH:9
BRDA:14,0,0,1
BRDA:14,0,1,1
BRDA:15,1,0,2
BRDA:15,1,1,2
BRDA:15,1,2,1
BRDA:15,1,3,1
BRF:6
BRH:6
end_of_record
TN:
SF:src\identity\auth.controller.ts
FN:19,(anonymous_4)
FN:84,(anonymous_5)
FNF:2
FNH:2
FNDA:5,(anonymous_4)
FNDA:5,(anonymous_5)
DA:1,4
DA:8,4
DA:9,4
DA:10,4
DA:18,4
DA:19,5
DA:84,4
DA:85,5
LF:8
LH:8
BRDA:19,0,0,4
BRDA:19,0,1,0
BRDA:19,1,0,4
BRDA:19,1,1,4
BRF:4
BRH:3
end_of_record
TN:
SF:src\identity\auth.service.ts
FN:9,(anonymous_11)
FN:11,(anonymous_12)
FNF:2
FNH:2
FNDA:5,(anonymous_11)
FNDA:7,(anonymous_12)
DA:1,5
DA:2,5
DA:4,5
DA:5,5
DA:8,5
DA:9,5
DA:12,7
DA:16,7
LF:8
LH:8
BRDA:9,0,0,5
BRDA:9,0,1,0
BRDA:9,1,0,5
BRDA:9,1,1,5
BRF:4
BRH:3
end_of_record
TN:
SF:src\identity\identity.module.ts
FNF:0
FNH:0
DA:1,2
DA:2,2
DA:3,2
DA:4,2
DA:5,2
DA:6,2
DA:13,2
LF:7
LH:7
BRF:0
BRH:0
end_of_record
TN:
SF:src\identity\registerDto.schema.ts
FNF:0
FNH:0
DA:1,4
DA:3,4
LF:2
LH:2
BRF:0
BRH:0
end_of_record
TN:
SF:src\identity\user.entity.ts
FN:8,(anonymous_2)
FNF:1
FNH:1
FNDA:6,(anonymous_2)
DA:1,6
DA:8,6
DA:9,6
DA:10,6
DA:14,6
DA:16,6
DA:19,6
DA:23,6
DA:26,6
DA:29,10
DA:32,6
LF:11
LH:11
BRDA:8,0,0,6
BRDA:8,0,1,6
BRDA:32,1,0,6
BRDA:32,1,1,0
BRDA:32,2,0,6
BRDA:32,2,1,6
BRF:6
BRH:5
end_of_record
TN:
SF:src\identity\users.repository.ts
FN:8,(anonymous_4)
FN:13,(anonymous_5)
FNF:2
FNH:2
FNDA:3,(anonymous_4)
FNDA:5,(anonymous_5)
DA:1,5
DA:2,5
DA:3,5
DA:4,5
DA:7,5
DA:10,3
DA:19,5
DA:26,5
DA:28,4
LF:9
LH:9
BRDA:10,0,0,5
BRDA:10,0,1,0
BRDA:10,1,0,5
BRDA:10,1,1,5
BRF:4
BRH:3
end_of_record
